#
# There is insufficient memory for the Java Runtime Environment to continue.
# Native memory allocation (mmap) failed to map 268435456 bytes for G1 virtual space
# Possible reasons:
#   The system is out of physical RAM or swap space
#   The process is running with CompressedOops enabled, and the Java Heap may be blocking the growth of the native heap
# Possible solutions:
#   Reduce memory load on the system
#   Increase physical memory or swap space
#   Check if swap backing store is full
#   Decrease Java heap size (-Xmx/-Xms)
#   Decrease number of Java threads
#   Decrease Java thread stack sizes (-Xss)
#   Set larger code cache with -XX:ReservedCodeCacheSize=
#   JVM is running with Zero Based Compressed Oops mode in which the Java heap is
#     placed in the first 32GB address space. The Java Heap base address is the
#     maximum limit for the native heap growth. Please use -XX:HeapBaseMinAddress
#     to set the Java Heap base and to place the Java Heap above 32GB virtual address.
# This output file may be truncated or incomplete.
#
#  Out of Memory Error (os_windows.cpp:3469), pid=9188, tid=13400
#
# JRE version:  (17.0.1+12) (build )
# Java VM: Java HotSpot(TM) 64-Bit Server VM (17.0.1+12-LTS-39, mixed mode, emulated-client, sharing, tiered, compressed oops, compressed class ptrs, g1 gc, windows-amd64)
# No core dump will be written. Minidumps are not enabled by default on client versions of Windows
#

---------------  S U M M A R Y ------------

Command Line: -agentlib:jdwp=transport=dt_socket,address=127.0.0.1:60190,suspend=y,server=n -XX:TieredStopAtLevel=1 -Xverify:none -Dspring.output.ansi.enabled=always -javaagent:C:\Users\opata\AppData\Local\JetBrains\IntelliJIdea2021.3\captureAgent\debugger-agent.jar -Dcom.sun.management.jmxremote -Dspring.jmx.enabled=true -Dspring.liveBeansView.mbeanDomain -Dspring.application.admin.enabled=true -Dfile.encoding=UTF-8 com.example.springrabit.SpringRabitApplication

Host: Intel(R) Core(TM) i7-7500U CPU @ 2.70GHz, 4 cores, 15G,  Windows 10 , 64 bit Build 19041 (10.0.19041.1741)
Time: Tue Jul 12 23:16:10 2022 Coordinated Universal Time elapsed time: 0.044099 seconds (0d 0h 0m 0s)

---------------  T H R E A D  ---------------

Current thread (0x000002b525b7f320):  JavaThread "Unknown thread" [_thread_in_vm, id=13400, stack(0x000000de06700000,0x000000de06800000)]

Stack: [0x000000de06700000,0x000000de06800000]
Native frames: (J=compiled Java code, j=interpreted, Vv=VM code, C=native code)
V  [jvm.dll+0x66fa1a]
V  [jvm.dll+0x7ce5a4]
V  [jvm.dll+0x7cfd4e]
V  [jvm.dll+0x7d03b3]
V  [jvm.dll+0x242b05]
V  [jvm.dll+0x66ca39]
V  [jvm.dll+0x661502]
V  [jvm.dll+0x30081b]
V  [jvm.dll+0x307da6]
V  [jvm.dll+0x357a1e]
V  [jvm.dll+0x357c4f]
V  [jvm.dll+0x2d7ad8]
V  [jvm.dll+0x2d8a44]
V  [jvm.dll+0x7a01e1]
V  [jvm.dll+0x365791]
V  [jvm.dll+0x77f6cc]
V  [jvm.dll+0x3e812f]
V  [jvm.dll+0x3e9bd1]
C  [jli.dll+0x527b]
C  [ucrtbase.dll+0x21bb2]
C  [KERNEL32.DLL+0x17034]
C  [ntdll.dll+0x52651]


---------------  P R O C E S S  ---------------

Threads class SMR info:
_java_thread_list=0x00007ffa43887818, length=0, elements={
}

Java Threads: ( => current thread )

Other Threads:
  0x000002b525bceaa0 GCTaskThread "GC Thread#0" [stack: 0x000000de06800000,0x000000de06900000] [id=10140]
  0x000002b525be0650 ConcurrentGCThread "G1 Main Marker" [stack: 0x000000de06900000,0x000000de06a00000] [id=19256]
  0x000002b525be0e70 ConcurrentGCThread "G1 Conc#0" [stack: 0x000000de06a00000,0x000000de06b00000] [id=16000]

[error occurred during error reporting (printing all threads), id 0xc0000005, EXCEPTION_ACCESS_VIOLATION (0xc0000005) at pc=0x00007ffa430d84b7]

VM state: not at safepoint (not fully initialized)

VM Mutex/Monitor currently owned by a thread:  ([mutex/lock_event])
[0x000002b525b7a340] Heap_lock - owner thread: 0x000002b525b7f320

Heap address: 0x0000000701a00000, size: 4070 MB, Compressed Oops mode: Zero based, Oop shift amount: 3

CDS archive(s) mapped at: [0x0000000000000000-0x0000000000000000-0x0000000000000000), size 0, SharedBaseAddress: 0x0000000800000000, ArchiveRelocationMode: 0.
Narrow klass base: 0x0000000000000000, Narrow klass shift: 0, Narrow klass range: 0x0

GC Precious Log:
<Empty>

Heap:
 garbage-first heap   total 0K, used 0K [0x0000000701a00000, 0x0000000800000000)
  region size 2048K, 0 young (0K), 0 survivors (0K)

[error occurred during error reporting (printing heap information), id 0xc0000005, EXCEPTION_ACCESS_VIOLATION (0xc0000005) at pc=0x00007ffa434b8d89]

GC Heap History (0 events):
No events

Deoptimization events (0 events):
No events

Classes unloaded (0 events):
No events

Classes redefined (0 events):
No events

Internal exceptions (0 events):
No events

VM Operations (0 events):
No events

Events (2 events):
Event: 0.025 Loaded shared library C:\Program Files\Java\jdk-17.0.1\bin\java.dll
Event: 0.028 Loaded shared library C:\Program Files\Java\jdk-17.0.1\bin\zip.dll


Dynamic libraries:
0x00007ff6916c0000 - 0x00007ff6916d0000 	C:\Program Files\Java\jdk-17.0.1\bin\java.exe
0x00007ffa7c170000 - 0x00007ffa7c367000 	C:\WINDOWS\SYSTEM32\ntdll.dll
0x00007ffa7c010000 - 0x00007ffa7c0cd000 	C:\WINDOWS\System32\KERNEL32.DLL
0x00007ffa79e00000 - 0x00007ffa7a0cd000 	C:\WINDOWS\System32\KERNELBASE.dll
0x00007ffa7a0d0000 - 0x00007ffa7a1d0000 	C:\WINDOWS\System32\ucrtbase.dll
0x00007ffa58500000 - 0x00007ffa58518000 	C:\Program Files\Java\jdk-17.0.1\bin\jli.dll
0x00007ffa7b1f0000 - 0x00007ffa7b29e000 	C:\WINDOWS\System32\ADVAPI32.dll
0x00007ffa63080000 - 0x00007ffa6309a000 	C:\Program Files\Java\jdk-17.0.1\bin\VCRUNTIME140.dll
0x00007ffa7b6e0000 - 0x00007ffa7b77e000 	C:\WINDOWS\System32\msvcrt.dll
0x00007ffa7a5a0000 - 0x00007ffa7a63c000 	C:\WINDOWS\System32\sechost.dll
0x00007ffa7ae60000 - 0x00007ffa7af85000 	C:\WINDOWS\System32\RPCRT4.dll
0x00007ffa7a1d0000 - 0x00007ffa7a370000 	C:\WINDOWS\System32\USER32.dll
0x00007ffa79c90000 - 0x00007ffa79cb2000 	C:\WINDOWS\System32\win32u.dll
0x00007ffa7a8f0000 - 0x00007ffa7a91a000 	C:\WINDOWS\System32\GDI32.dll
0x00007ffa79b80000 - 0x00007ffa79c8b000 	C:\WINDOWS\System32\gdi32full.dll
0x00007ffa79a40000 - 0x00007ffa79add000 	C:\WINDOWS\System32\msvcp_win.dll
0x00007ffa6dd80000 - 0x00007ffa6e01a000 	C:\WINDOWS\WinSxS\amd64_microsoft.windows.common-controls_6595b64144ccf1df_6.0.19041.1110_none_60b5254171f9507e\COMCTL32.dll
0x00007ffa74dd0000 - 0x00007ffa74dda000 	C:\WINDOWS\SYSTEM32\VERSION.dll
0x00007ffa7a460000 - 0x00007ffa7a490000 	C:\WINDOWS\System32\IMM32.DLL
0x00007ffa716d0000 - 0x00007ffa716dc000 	C:\Program Files\Java\jdk-17.0.1\bin\vcruntime140_1.dll
0x00007ffa4dbd0000 - 0x00007ffa4dc5d000 	C:\Program Files\Java\jdk-17.0.1\bin\msvcp140.dll
0x00007ffa42df0000 - 0x00007ffa439ae000 	C:\Program Files\Java\jdk-17.0.1\bin\server\jvm.dll
0x00007ffa7a3d0000 - 0x00007ffa7a3d8000 	C:\WINDOWS\System32\PSAPI.DLL
0x00007ffa612f0000 - 0x00007ffa612f9000 	C:\WINDOWS\SYSTEM32\WSOCK32.dll
0x00007ffa7adf0000 - 0x00007ffa7ae5b000 	C:\WINDOWS\System32\WS2_32.dll
0x00007ffa6e020000 - 0x00007ffa6e047000 	C:\WINDOWS\SYSTEM32\WINMM.dll
0x00007ffa780f0000 - 0x00007ffa78102000 	C:\WINDOWS\SYSTEM32\kernel.appcore.dll
0x00007ffa6c220000 - 0x00007ffa6c22a000 	C:\Program Files\Java\jdk-17.0.1\bin\jimage.dll
0x00007ffa687b0000 - 0x00007ffa68994000 	C:\WINDOWS\SYSTEM32\DBGHELP.DLL
0x00007ffa63da0000 - 0x00007ffa63dcc000 	C:\WINDOWS\SYSTEM32\dbgcore.DLL
0x00007ffa79d70000 - 0x00007ffa79df2000 	C:\WINDOWS\System32\bcryptPrimitives.dll
0x00007ffa57fc0000 - 0x00007ffa57ffb000 	C:\Program Files\Java\jdk-17.0.1\bin\jdwp.dll
0x00007ffa72990000 - 0x00007ffa7299e000 	C:\Program Files\Java\jdk-17.0.1\bin\instrument.dll
0x00007ffa584d0000 - 0x00007ffa584f5000 	C:\Program Files\Java\jdk-17.0.1\bin\java.dll
0x00007ffa57910000 - 0x00007ffa57928000 	C:\Program Files\Java\jdk-17.0.1\bin\zip.dll

dbghelp: loaded successfully - version: 4.0.5 - missing functions: none
symbol engine: initialized successfully - sym options: 0x614 - pdb path: .;C:\Program Files\Java\jdk-17.0.1\bin;C:\WINDOWS\SYSTEM32;C:\WINDOWS\WinSxS\amd64_microsoft.windows.common-controls_6595b64144ccf1df_6.0.19041.1110_none_60b5254171f9507e;C:\Program Files\Java\jdk-17.0.1\bin\server

VM Arguments:
jvm_args: -agentlib:jdwp=transport=dt_socket,address=127.0.0.1:60190,suspend=y,server=n -XX:TieredStopAtLevel=1 -Xverify:none -Dspring.output.ansi.enabled=always -javaagent:C:\Users\opata\AppData\Local\JetBrains\IntelliJIdea2021.3\captureAgent\debugger-agent.jar -Dcom.sun.management.jmxremote -Dspring.jmx.enabled=true -Dspring.liveBeansView.mbeanDomain -Dspring.application.admin.enabled=true -Dfile.encoding=UTF-8 
java_command: com.example.springrabit.SpringRabitApplication
java_class_path (initial): C:\Users\opata\OneDrive\Documents\tutland\spring-rabit\spring-rabit\target\test-classes;C:\Users\opata\OneDrive\Documents\tutland\spring-rabit\spring-rabit\target\classes;C:\Users\opata\.m2\repository\org\springframework\boot\spring-boot-starter-amqp\2.7.1\spring-boot-starter-amqp-2.7.1.jar;C:\Users\opata\.m2\repository\org\springframework\boot\spring-boot-starter\2.7.1\spring-boot-starter-2.7.1.jar;C:\Users\opata\.m2\repository\org\springframework\boot\spring-boot\2.7.1\spring-boot-2.7.1.jar;C:\Users\opata\.m2\repository\org\springframework\boot\spring-boot-autoconfigure\2.7.1\spring-boot-autoconfigure-2.7.1.jar;C:\Users\opata\.m2\repository\org\springframework\boot\spring-boot-starter-logging\2.7.1\spring-boot-starter-logging-2.7.1.jar;C:\Users\opata\.m2\repository\ch\qos\logback\logback-classic\1.2.11\logback-classic-1.2.11.jar;C:\Users\opata\.m2\repository\ch\qos\logback\logback-core\1.2.11\logback-core-1.2.11.jar;C:\Users\opata\.m2\repository\org\apache\logging\log4j\log4j-to-slf4j\2.17.2\log4j-to-slf4j-2.17.2.jar;C:\Users\opata\.m2\repository\org\apache\logging\log4j\log4j-api\2.17.2\log4j-api-2.17.2.jar;C:\Users\opata\.m2\repository\org\slf4j\jul-to-slf4j\1.7.36\jul-to-slf4j-1.7.36.jar;C:\Users\opata\.m2\repository\jakarta\annotation\jakarta.annotation-api\1.3.5\jakarta.annotation-api-1.3.5.jar;C:\Users\opata\.m2\repository\org\yaml\snakeyaml\1.30\snakeyaml-1.30.jar;C:\Users\opata\.m2\repository\org\springframework\spring-messaging\5.3.21\spring-messaging-5.3.21.jar;C:\Users\opata\.m2\repository\org\springframework\spring-beans\5.3.21\spring-beans-5.3.21.jar;C:\Users\opata\.m2\repository\org\springframework\amqp\spring-rabbit\2.4.6\spring-rabbit-2.4.6.jar;C:\Users\opata\.m2\repository\org\springframework\amqp\spring-amqp\2.4.6\spring-amqp-2.4.6.jar;C:\Users\opata\.m2\repository\org\springframework\retry\spring-retry\1.3.3\spring-retry-1.3.3.jar;C:\Users\opata\.m2\repository\com\rabbitmq\amqp-client\5.14.2\amqp-client-5.14.2.jar;C:
Launcher Type: SUN_STANDARD

[Global flags]
     intx CICompilerCount                          = 3                                         {product} {ergonomic}
     uint ConcGCThreads                            = 1                                         {product} {ergonomic}
     uint G1ConcRefinementThreads                  = 4                                         {product} {ergonomic}
   size_t G1HeapRegionSize                         = 2097152                                   {product} {ergonomic}
    uintx GCDrainStackTargetSize                   = 64                                        {product} {ergonomic}
   size_t InitialHeapSize                          = 268435456                                 {product} {ergonomic}
     bool ManagementServer                         = true                                      {product} {command line}
   size_t MarkStackSize                            = 4194304                                   {product} {ergonomic}
   size_t MaxHeapSize                              = 4267704320                                {product} {ergonomic}
   size_t MinHeapDeltaBytes                        = 2097152                                   {product} {ergonomic}
   size_t MinHeapSize                              = 8388608                                   {product} {ergonomic}
    uintx NonProfiledCodeHeapSize                  = 0                                      {pd product} {ergonomic}
     bool ProfileInterpreter                       = false                                  {pd product} {command line}
    uintx ProfiledCodeHeapSize                     = 0                                      {pd product} {ergonomic}
   size_t SoftMaxHeapSize                          = 4267704320                             {manageable} {ergonomic}
     intx TieredStopAtLevel                        = 1                                         {product} {command line}
     bool UseCompressedClassPointers               = true                           {product lp64_product} {ergonomic}
     bool UseCompressedOops                        = true                           {product lp64_product} {ergonomic}
     bool UseG1GC                                  = true                                      {product} {ergonomic}
     bool UseLargePagesIndividualAllocation        = false                                  {pd product} {ergonomic}

Logging:
Log output configuration:
 #0: stdout all=warning uptime,level,tags
 #1: stderr all=off uptime,level,tags

Environment Variables:
JAVA_HOME=C:\Zulu\zulu-11
PATH=C:\Program Files\Common Files\Oracle\Java\javapath;C:\Zulu\zulu-11\bin\;C:\WINDOWS\system32;C:\WINDOWS;C:\WINDOWS\System32\Wbem;C:\WINDOWS\System32\WindowsPowerShell\v1.0\;C:\WINDOWS\System32\OpenSSH\;C:\apache-maven-3.8.1\bin;C:\Gradle\gradle-5.4.1\bin;C:\Program Files\PuTTY\;C:\xampp\php;C:\ProgramData\chocolatey\bin;C:\Users\opata\OneDrive\Documents\fl\flutter\bin;C:\Program Files\nodejs\;C:\Program Files\Git\cmd;C:\Program Files\Docker\Docker\resources\bin;C:\ProgramData\DockerDesktop\version-bin;C:\Program Files\MySQL\MySQL Shell 8.0\bin\;C:\Users\opata\AppData\Local\Microsoft\WindowsApps;C:\Users\opata\AppData\Local\Programs\Microsoft VS Code\bin;C:\Program Files\JetBrains\IntelliJ IDEA Community Edition 2021.2.3\bin;C:\Program Files\JetBrains\IntelliJ IDEA 2021.3\bin;C:\Program Files\PostgreSQL\10\bin;C:\Program Files\PostgreSQL\10\lib;C:\Program Files\JetBrains\PhpStorm 2021.3.2\bin;C:\Users\opata\AppData\Local\Programs\oh-my-posh\bin;C:\Users\opata\AppData\Roaming\npm
USERNAME=epareto
OS=Windows_NT
PROCESSOR_IDENTIFIER=Intel64 Family 6 Model 142 Stepping 9, GenuineIntel



---------------  S Y S T E M  ---------------

OS:
 Windows 10 , 64 bit Build 19041 (10.0.19041.1741)
OS uptime: 4 days 13:06 hours
Hyper-V role detected

CPU: total 4 (initial active 4) (2 cores per cpu, 2 threads per core) family 6 model 142 stepping 9 microcode 0xb4, cx8, cmov, fxsr, ht, mmx, 3dnowpref, sse, sse2, sse3, ssse3, sse4.1, sse4.2, popcnt, lzcnt, tsc, tscinvbit, avx, avx2, aes, erms, clmul, bmi1, bmi2, adx, fma, vzeroupper, clflush, clflushopt, hv

Memory: 4k page, system-wide physical 16279M (720M free)
TotalPageFile size 26492M (AvailPageFile size 111M)
current process WorkingSet (physical memory assigned to process): 10M, peak: 10M
current process commit charge ("private bytes"): 46M, peak: 302M

vm_info: Java HotSpot(TM) 64-Bit Server VM (17.0.1+12-LTS-39) for windows-amd64 JRE (17.0.1+12-LTS-39), built on Sep 27 2021 18:41:35 by "mach5one" with MS VC++ 16.8 (VS2019)

END.
